[debug] [2022-03-17T15:05:46.390Z] ----------------------------------------------------------------------
[debug] [2022-03-17T15:05:46.393Z] Command:       C:\Program Files\nodejs\node.exe C:\Users\Mndeb\AppData\Roaming\npm\node_modules\firebase-tools\lib\bin\firebase.js init
[debug] [2022-03-17T15:05:46.393Z] CLI Version:   10.3.1
[debug] [2022-03-17T15:05:46.393Z] Platform:      win32
[debug] [2022-03-17T15:05:46.393Z] Node Version:  v14.16.1
[debug] [2022-03-17T15:05:46.395Z] Time:          Thu Mar 17 2022 17:05:46 GMT+0200 (South Africa Standard Time)
[debug] [2022-03-17T15:05:46.395Z] ----------------------------------------------------------------------
[debug] 
[debug] [2022-03-17T15:05:46.486Z] > command requires scopes: ["email","openid","https://www.googleapis.com/auth/cloudplatformprojects.readonly","https://www.googleapis.com/auth/firebase","https://www.googleapis.com/auth/cloud-platform"]
[debug] [2022-03-17T15:05:46.486Z] > authorizing via signed-in user (paralistic@gmail.com)
[info] 
     ######## #### ########  ######## ########     ###     ######  ########
     ##        ##  ##     ## ##       ##     ##  ##   ##  ##       ##
     ######    ##  ########  ######   ########  #########  ######  ######
     ##        ##  ##    ##  ##       ##     ## ##     ##       ## ##
     ##       #### ##     ## ######## ########  ##     ##  ######  ########

You're about to initialize a Firebase project in this directory:

  D:\Learn\tutorials\movies

Before we get started, keep in mind:

  * You are initializing within an existing Firebase project directory

